2018-01-21 21:46:27 DEBUG DeDup:23 - This is debug : 
2018-01-21 22:05:05 INFO  DeDup:54 - Removing deuplicate from the input array value using linear search starts 
2018-01-21 22:05:05 INFO  DeDup:71 - Removing deuplicate from input array value using linear search ends...
2018-01-21 22:05:37 INFO  DeDup:54 - Removing deuplicate from the input array value using linear search starts 
2018-01-21 22:05:37 INFO  DeDup:71 - Removing deuplicate from input array value using linear search ends...
2018-01-21 22:07:51 INFO  DeDup:54 - Removing deuplicate from the input array value using linear search starts 
2018-01-21 22:07:51 INFO  DeDup:71 - Removing deuplicate from input array value using linear search ends...
2018-01-21 22:08:36 INFO  DeDup:54 - Removing deuplicate from the input array value using linear search starts 
2018-01-21 22:08:36 INFO  DeDup:71 - Removing deuplicate from input array value using linear search ends...
2018-01-21 22:08:36 INFO  DeDup:77 - Removing deuplicate from the input array value using java8 starts 
2018-01-21 22:08:36 INFO  DeDup:80 - Removing deuplicate from the input array value using java8 completed...
2018-01-21 22:08:36 INFO  DeDup:86 - Removing deuplicate from the input array value using collection api starts 
2018-01-21 22:08:36 INFO  DeDup:91 - Removing deuplicate from the input array value using collection api ends...
2018-01-21 22:10:38 INFO  DeDup:55 - Removing deuplicate from the input array value using linear search starts 
2018-01-21 22:10:38 INFO  DeDup:72 - Removing deuplicate from input array value using linear search ends...
2018-01-21 22:10:50 INFO  DeDup:55 - Removing deuplicate from the input array value using linear search starts 
2018-01-21 22:10:50 INFO  DeDup:72 - Removing deuplicate from input array value using linear search ends...
2018-01-21 22:10:50 INFO  DeDup:78 - Removing deuplicate from the input array value using java8 starts 
2018-01-21 22:10:50 INFO  DeDup:81 - Removing deuplicate from the input array value using java8 completed...
2018-01-21 22:10:50 INFO  DeDup:87 - Removing deuplicate from the input array value using collection api starts 
2018-01-21 22:10:50 INFO  DeDup:92 - Removing deuplicate from the input array value using collection api ends...
2018-01-21 22:11:56 INFO  DeDup:55 - Removing deuplicate from the input array value using linear search starts 
2018-01-21 22:11:56 INFO  DeDup:72 - Removing deuplicate from input array value using linear search ends...
2018-01-21 22:11:56 INFO  DeDup:78 - Removing deuplicate from the input array value using java8 starts 
2018-01-21 22:11:56 INFO  DeDup:81 - Removing deuplicate from the input array value using java8 completed...
2018-01-21 22:11:56 INFO  DeDup:87 - Removing deuplicate from the input array value using collection api starts 
2018-01-21 22:11:56 INFO  DeDup:92 - Removing deuplicate from the input array value using collection api ends...
2018-01-21 22:12:22 INFO  DeDup:55 - Removing deuplicate from the input array value using linear search starts 
2018-01-21 22:12:22 INFO  DeDup:72 - Removing deuplicate from input array value using linear search ends...
2018-01-21 22:12:22 INFO  DeDup:78 - Removing deuplicate from the input array value using java8 starts 
2018-01-21 22:12:22 INFO  DeDup:81 - Removing deuplicate from the input array value using java8 completed...
2018-01-21 22:12:22 INFO  DeDup:87 - Removing deuplicate from the input array value using collection api starts 
2018-01-21 22:12:22 INFO  DeDup:92 - Removing deuplicate from the input array value using collection api ends...
2018-01-21 22:58:38 INFO  DeDup:63 - Removing deuplicate from the input array value using linear search starts 
2018-01-21 22:58:38 INFO  DeDup:80 - Removing deuplicate from input array value using linear search ends...
2018-01-21 22:58:38 INFO  DeDup:123 - 1,2,34,25,45,3,26,85,4,86,43,10000,11,16,19,18,9,20,17,8,15,6,5,10,14,12,13,7
2018-01-21 22:58:38 INFO  DeDup:86 - Removing deuplicate from the input array value using java8 starts 
2018-01-21 22:58:38 INFO  DeDup:89 - Removing deuplicate from the input array value using java8 completed...
2018-01-21 22:58:38 INFO  DeDup:123 - 1,2,34,25,45,3,26,85,4,86,43,10000,11,16,19,18,9,20,17,8,15,6,5,10,14,12,13,7
2018-01-21 22:58:38 INFO  DeDup:95 - Removing deuplicate from the input array value using collection api starts 
2018-01-21 22:58:38 INFO  DeDup:100 - Removing deuplicate from the input array value using collection api ends...
2018-01-21 22:58:38 INFO  DeDup:123 - 1,2,34,25,45,3,26,85,4,86,43,10000,11,16,19,18,9,20,17,8,15,6,5,10,14,12,13,7
2018-01-21 22:59:21 INFO  DeDup:63 - Removing deuplicate from the input array value using linear search starts 
2018-01-21 22:59:21 INFO  DeDup:80 - Removing deuplicate from input array value using linear search ends...
2018-01-21 22:59:21 INFO  DeDup:123 -  Output 1,2,34,25,45,3,26,85,4,86,43,10000,11,16,19,18,9,20,17,8,15,6,5,10,14,12,13,7
2018-01-21 22:59:33 INFO  DeDup:63 - Removing deuplicate from the input array value using linear search starts 
2018-01-21 22:59:33 INFO  DeDup:80 - Removing deuplicate from input array value using linear search ends...
2018-01-21 22:59:33 INFO  DeDup:123 -  Output## 1,2,34,25,45,3,26,85,4,86,43,10000,11,16,19,18,9,20,17,8,15,6,5,10,14,12,13,7
2018-01-22 23:31:53 INFO  DeDup:65 - Removing deuplicate from the input array value using linear search starts 
2018-01-22 23:31:53 INFO  DeDup:82 - Removing deuplicate from input array value using linear search ends...
2018-01-22 23:31:53 INFO  DeDup:157 -  Output## 1,2,34,25,45,3,26,85,4,86,43,10000,11,16,19,18,9,20,17,8,15,6,5,10,14,12,13,7
2018-01-22 23:31:53 INFO  DeDup:109 - Removing deuplicate from the input array value using java 8 streams api starts 
2018-01-22 23:31:53 INFO  DeDup:115 - Removing deuplicate from the input array value using collection api ends...
2018-01-22 23:33:00 INFO  DeDup:65 - Removing deuplicate from the input array value using linear search starts 
2018-01-22 23:33:00 INFO  DeDup:82 - Removing deuplicate from input array value using linear search ends...
2018-01-22 23:33:00 INFO  DeDup:157 -  Output## 1,2,34,25,45,3,26,85,4,86,43,10000,11,16,19,18,9,20,17,8,15,6,5,10,14,12,13,7
2018-01-22 23:33:00 INFO  DeDup:109 - Removing deuplicate from the input array value using java 8 streams api starts 
2018-01-22 23:33:00 INFO  DeDup:115 - Removing deuplicate from the input array value using java 8 streams api  ends...
2018-01-22 23:33:37 INFO  DeDup:109 - Removing deuplicate from the input array value using java 8 streams api starts 
2018-01-22 23:33:37 INFO  DeDup:115 - Removing deuplicate from the input array value using java 8 streams api  ends...
2018-01-22 23:35:05 INFO  DeDup:109 - Removing deuplicate from the input array value using java 8 streams api starts 
2018-01-22 23:35:06 INFO  DeDup:115 - Removing deuplicate from the input array value using java 8 streams api  ends...
2018-01-22 23:39:51 INFO  DeDup:110 - Removing deuplicate from the input array value using java 8 streams api starts 
2018-01-22 23:39:51 INFO  DeDup:116 - Removing deuplicate from the input array value using java 8 streams api  ends...
2018-01-22 23:39:51 INFO  DeDup:129 - Removing deuplicate from the input array value using java 8 streams api starts 
2018-01-22 23:39:51 INFO  DeDup:135 - Removing deuplicate from the input array value using java 8 streams api  ends...
2018-01-22 23:41:25 INFO  DeDup:111 - Removing deuplicate from the input array value using java 8 streams api starts 
2018-01-22 23:41:25 INFO  DeDup:117 - Removing deuplicate from the input array value using java 8 streams api  ends...
2018-01-22 23:41:25 INFO  DeDup:130 - Removing deuplicate from the input array value using java 8 streams api starts 
2018-01-22 23:41:25 INFO  DeDup:138 - Removing deuplicate from the input array value using java 8 streams api  ends...
2018-01-22 23:44:15 INFO  DeDup:128 - Removing deuplicate from the input array value using java 8 streams api starts 
2018-01-22 23:44:15 INFO  DeDup:134 - Removing deuplicate from the input array value using java 8 streams api  ends...
2018-01-22 23:44:15 INFO  DeDup:147 - Removing deuplicate from the input array value using java 8 parallel streams without order starts 
2018-01-22 23:44:15 INFO  DeDup:152 - 20 
2018-01-22 23:44:15 INFO  DeDup:152 - 11 
2018-01-22 23:44:15 INFO  DeDup:152 - 25 
2018-01-22 23:44:15 INFO  DeDup:152 - 4 
2018-01-22 23:44:15 INFO  DeDup:152 - 45 
2018-01-22 23:44:15 INFO  DeDup:152 - 16 
2018-01-22 23:44:15 INFO  DeDup:152 - 17 
2018-01-22 23:44:15 INFO  DeDup:152 - 43 
2018-01-22 23:44:15 INFO  DeDup:152 - 10000 
2018-01-22 23:44:15 INFO  DeDup:152 - 3 
2018-01-22 23:44:15 INFO  DeDup:152 - 86 
2018-01-22 23:44:15 INFO  DeDup:152 - 26 
2018-01-22 23:44:15 INFO  DeDup:152 - 85 
2018-01-22 23:44:15 INFO  DeDup:152 - 8 
2018-01-22 23:44:15 INFO  DeDup:152 - 14 
2018-01-22 23:44:15 INFO  DeDup:152 - 1 
2018-01-22 23:44:15 INFO  DeDup:152 - 2 
2018-01-22 23:44:15 INFO  DeDup:152 - 5 
2018-01-22 23:44:15 INFO  DeDup:152 - 12 
2018-01-22 23:44:15 INFO  DeDup:152 - 15 
2018-01-22 23:44:15 INFO  DeDup:152 - 13 
2018-01-22 23:44:15 INFO  DeDup:152 - 10 
2018-01-22 23:44:15 INFO  DeDup:152 - 34 
2018-01-22 23:44:15 INFO  DeDup:152 - 19 
2018-01-22 23:44:15 INFO  DeDup:152 - 6 
2018-01-22 23:44:15 INFO  DeDup:152 - 7 
2018-01-22 23:44:15 INFO  DeDup:152 - 18 
2018-01-22 23:44:15 INFO  DeDup:152 - 9 
2018-01-22 23:44:15 INFO  DeDup:153 - Removing deuplicate from the input array value using java 8 parallel streams without order ends...
2018-01-22 23:45:55 INFO  DeDup:128 - Removing deuplicate from the input array value using java 8 streams api starts 
2018-01-22 23:45:55 INFO  DeDup:134 - Removing deuplicate from the input array value using java 8 streams api  ends...
2018-01-22 23:45:55 INFO  DeDup:147 - Removing deuplicate from the input array value using java 8 parallel streams without order starts 
2018-01-22 23:45:55 INFO  DeDup:153 - Removing deuplicate from the input array value using java 8 parallel streams without order ends...
2018-01-22 23:46:51 INFO  DeDup:128 - Removing deuplicate from the input array value using java 8 streams api starts 
2018-01-22 23:46:51 INFO  DeDup:134 - 
 Removing deuplicate from the input array value using java 8 streams api  ends...
2018-01-22 23:46:51 INFO  DeDup:147 - Removing deuplicate from the input array value using java 8 parallel streams without order starts 
2018-01-22 23:46:52 INFO  DeDup:153 - Removing deuplicate from the input array value using java 8 parallel streams without order ends...
2018-01-22 23:46:59 INFO  DeDup:128 - Removing deuplicate from the input array value using java 8 streams api starts 
2018-01-22 23:46:59 INFO  DeDup:134 - 
Removing deuplicate from the input array value using java 8 streams api  ends...
2018-01-22 23:46:59 INFO  DeDup:147 - Removing deuplicate from the input array value using java 8 parallel streams without order starts 
2018-01-22 23:46:59 INFO  DeDup:153 - Removing deuplicate from the input array value using java 8 parallel streams without order ends...
2018-01-22 23:47:09 INFO  DeDup:128 - Removing deuplicate from the input array value using java 8 streams api starts 
2018-01-22 23:47:09 INFO  DeDup:134 - 
Removing deuplicate from the input array value using java 8 streams api  ends...
2018-01-22 23:47:09 INFO  DeDup:147 - Removing deuplicate from the input array value using java 8 parallel streams without order starts 
2018-01-22 23:47:09 INFO  DeDup:153 - 
Removing deuplicate from the input array value using java 8 parallel streams without order ends...
2018-01-22 23:57:41 INFO  DeDup:150 - Removing deuplicate from the input array value using java 8 parallel streams without order starts 
2018-01-22 23:57:41 INFO  DeDup:156 - 
Removing deuplicate from the input array value using java 8 parallel streams without order ends...
2018-01-22 23:58:12 INFO  DeDup:150 - Removing deuplicate from the input array value using java 8 parallel streams without order starts 
2018-01-22 23:58:12 INFO  DeDup:156 - 
Removing deuplicate from the input array value using java 8 parallel streams without order ends...
2018-01-22 23:58:12 INFO  DeDup:64 - Removing deuplicate from the input array value using linear search starts 
2018-01-22 23:58:12 INFO  DeDup:81 - Removing deuplicate from input array value using linear search ends...
2018-01-22 23:58:12 INFO  DeDup:181 -  Output## 1,2,34,25,45,3,26,85,4,86,43,10000,11,16,19,18,9,20,17,8,15,6,5,10,14,12,13,7
2018-01-22 23:58:12 INFO  DeDup:93 - Removing deuplicate from the input array value using java8 starts 
2018-01-22 23:58:12 INFO  DeDup:96 - Removing deuplicate from the input array value using java8 ends...
2018-01-22 23:58:12 INFO  DeDup:181 -  Output## 1,2,34,25,45,3,26,85,4,86,43,10000,11,16,19,18,9,20,17,8,15,6,5,10,14,12,13,7
2018-01-22 23:58:12 INFO  DeDup:109 - Removing deuplicate from the input array value using collection api starts 
2018-01-22 23:58:12 INFO  DeDup:114 - Removing deuplicate from the input array value using collection api ends...
2018-01-22 23:58:12 INFO  DeDup:181 -  Output## 1,2,34,25,45,3,26,85,4,86,43,10000,11,16,19,18,9,20,17,8,15,6,5,10,14,12,13,7
2018-01-22 23:58:12 INFO  DeDup:130 - Removing deuplicate from the input array value using java 8 streams api starts 
2018-01-22 23:58:12 INFO  DeDup:136 - 
Removing deuplicate from the input array value using java 8 streams api  ends...
2018-01-22 23:59:51 INFO  DeDup:130 - Removing deuplicate from the input array value using java 8 streams api starts 
2018-01-22 23:59:51 INFO  DeDup:136 - 
Removing deuplicate from the input array value using java 8 streams api  ends...
2018-01-22 23:59:51 INFO  DeDup:150 - Removing deuplicate from the input array value using java 8 parallel streams without order starts 
2018-01-22 23:59:51 INFO  DeDup:157 - 
Removing deuplicate from the input array value using java 8 parallel streams without order ends...
2018-01-23 00:00:17 INFO  DeDup:130 - Removing deuplicate from the input array value using java 8 streams api starts 
2018-01-23 00:00:17 INFO  DeDup:136 - 
Removing deuplicate from the input array value using java 8 streams api  ends...
2018-01-23 00:00:17 INFO  DeDup:150 - Removing deuplicate from the input array value using java 8 parallel streams without order starts 
2018-01-23 00:00:17 INFO  DeDup:157 - 
Removing deuplicate from the input array value using java 8 parallel streams without order ends...
2018-01-23 00:00:56 INFO  DeDup:151 - Removing deuplicate from the input array value using java 8 parallel streams without order starts 
2018-01-23 00:00:56 INFO  DeDup:158 - 
Removing deuplicate from the input array value using java 8 parallel streams without order ends...
2018-01-23 00:00:56 INFO  DeDup:64 - Removing deuplicate from the input array value using linear search starts 
2018-01-23 00:00:56 INFO  DeDup:81 - Removing deuplicate from input array value using linear search ends...
2018-01-23 00:00:56 INFO  DeDup:183 -  Output## 1,2,34,25,45,3,26,85,4,86,43,10000,11,16,19,18,9,20,17,8,15,6,5,10,14,12,13,7
2018-01-23 00:00:56 INFO  DeDup:93 - Removing deuplicate from the input array value using java8 starts 
2018-01-23 00:00:56 INFO  DeDup:96 - Removing deuplicate from the input array value using java8 ends...
2018-01-23 00:00:56 INFO  DeDup:183 -  Output## 1,2,34,25,45,3,26,85,4,86,43,10000,11,16,19,18,9,20,17,8,15,6,5,10,14,12,13,7
2018-01-23 00:00:56 INFO  DeDup:109 - Removing deuplicate from the input array value using collection api starts 
2018-01-23 00:00:56 INFO  DeDup:114 - Removing deuplicate from the input array value using collection api ends...
2018-01-23 00:00:56 INFO  DeDup:183 -  Output## 1,2,34,25,45,3,26,85,4,86,43,10000,11,16,19,18,9,20,17,8,15,6,5,10,14,12,13,7
2018-01-23 00:00:56 INFO  DeDup:130 - Removing deuplicate from the input array value using java 8 streams api starts 
2018-01-23 00:00:56 INFO  DeDup:137 - 
Removing deuplicate from the input array value using java 8 streams api  ends...
2018-01-23 00:02:21 INFO  DeDup:153 - 



2018-01-23 00:02:21 INFO  DeDup:154 - Removing deuplicate from the input array value using java 8 parallel streams without order starts 
2018-01-23 00:02:21 INFO  DeDup:161 - 
Removing deuplicate from the input array value using java 8 parallel streams without order ends...
2018-01-23 00:02:21 INFO  DeDup:64 - Removing deuplicate from the input array value using linear search starts 
2018-01-23 00:02:21 INFO  DeDup:81 - Removing deuplicate from input array value using linear search ends...
2018-01-23 00:02:21 INFO  DeDup:186 -  Output## 1,2,34,25,45,3,26,85,4,86,43,10000,11,16,19,18,9,20,17,8,15,6,5,10,14,12,13,7
2018-01-23 00:02:21 INFO  DeDup:93 - Removing deuplicate from the input array value using java8 starts 
2018-01-23 00:02:21 INFO  DeDup:96 - Removing deuplicate from the input array value using java8 ends...
2018-01-23 00:02:21 INFO  DeDup:186 -  Output## 1,2,34,25,45,3,26,85,4,86,43,10000,11,16,19,18,9,20,17,8,15,6,5,10,14,12,13,7
2018-01-23 00:02:21 INFO  DeDup:109 - 



2018-01-23 00:02:21 INFO  DeDup:110 - Removing deuplicate from the input array value using collection api starts 
2018-01-23 00:02:21 INFO  DeDup:115 - Removing deuplicate from the input array value using collection api ends...
2018-01-23 00:02:21 INFO  DeDup:186 -  Output## 1,2,34,25,45,3,26,85,4,86,43,10000,11,16,19,18,9,20,17,8,15,6,5,10,14,12,13,7
2018-01-23 00:02:21 INFO  DeDup:131 - 



2018-01-23 00:02:21 INFO  DeDup:132 - Removing deuplicate from the input array value using java 8 streams api starts 
2018-01-23 00:02:21 INFO  DeDup:139 - 
Removing deuplicate from the input array value using java 8 streams api  ends...
2018-01-23 00:03:15 INFO  DeDup:158 - Removing deuplicate from the input array value using java 8 parallel streams without order starts 
2018-01-23 00:03:15 INFO  DeDup:165 - 
Removing deuplicate from the input array value using java 8 parallel streams without order ends...
2018-01-23 00:03:15 INFO  DeDup:166 - 



2018-01-23 00:03:15 INFO  DeDup:64 - Removing deuplicate from the input array value using linear search starts 
2018-01-23 00:03:15 INFO  DeDup:81 - Removing deuplicate from input array value using linear search ends...
2018-01-23 00:03:15 INFO  DeDup:82 - 



2018-01-23 00:03:15 INFO  DeDup:191 -  Output## 1,2,34,25,45,3,26,85,4,86,43,10000,11,16,19,18,9,20,17,8,15,6,5,10,14,12,13,7
2018-01-23 00:03:15 INFO  DeDup:94 - Removing deuplicate from the input array value using java8 starts 
2018-01-23 00:03:15 INFO  DeDup:97 - Removing deuplicate from the input array value using java8 ends...
2018-01-23 00:03:15 INFO  DeDup:98 - 



2018-01-23 00:03:15 INFO  DeDup:191 -  Output## 1,2,34,25,45,3,26,85,4,86,43,10000,11,16,19,18,9,20,17,8,15,6,5,10,14,12,13,7
2018-01-23 00:03:15 INFO  DeDup:112 - Removing deuplicate from the input array value using collection api starts 
2018-01-23 00:03:15 INFO  DeDup:117 - Removing deuplicate from the input array value using collection api ends...
2018-01-23 00:03:15 INFO  DeDup:118 - 



2018-01-23 00:03:15 INFO  DeDup:191 -  Output## 1,2,34,25,45,3,26,85,4,86,43,10000,11,16,19,18,9,20,17,8,15,6,5,10,14,12,13,7
2018-01-23 00:03:15 INFO  DeDup:134 - 



2018-01-23 00:03:15 INFO  DeDup:135 - Removing deuplicate from the input array value using java 8 streams api starts 
2018-01-23 00:03:15 INFO  DeDup:142 - 
Removing deuplicate from the input array value using java 8 streams api  ends...
2018-01-23 00:03:15 INFO  DeDup:143 - 



2018-01-23 00:04:13 INFO  DeDup:156 - Removing deuplicate from the input array value using java 8 parallel streams without order starts 
2018-01-23 00:04:13 INFO  DeDup:163 - 
Removing deuplicate from the input array value using java 8 parallel streams without order ends...
2018-01-23 00:04:13 INFO  DeDup:164 - 



2018-01-23 00:04:13 INFO  DeDup:64 - Removing deuplicate from the input array value using linear search starts 
2018-01-23 00:04:13 INFO  DeDup:81 - Removing deuplicate from input array value using linear search ends...
2018-01-23 00:04:13 INFO  DeDup:189 -  Output## 1,2,34,25,45,3,26,85,4,86,43,10000,11,16,19,18,9,20,17,8,15,6,5,10,14,12,13,7
2018-01-23 00:04:13 INFO  DeDup:93 - Removing deuplicate from the input array value using java8 starts 
2018-01-23 00:04:13 INFO  DeDup:96 - Removing deuplicate from the input array value using java8 ends...
2018-01-23 00:04:13 INFO  DeDup:189 -  Output## 1,2,34,25,45,3,26,85,4,86,43,10000,11,16,19,18,9,20,17,8,15,6,5,10,14,12,13,7
2018-01-23 00:04:13 INFO  DeDup:110 - Removing deuplicate from the input array value using collection api starts 
2018-01-23 00:04:13 INFO  DeDup:115 - Removing deuplicate from the input array value using collection api ends...
2018-01-23 00:04:13 INFO  DeDup:116 - 



2018-01-23 00:04:13 INFO  DeDup:189 -  Output## 1,2,34,25,45,3,26,85,4,86,43,10000,11,16,19,18,9,20,17,8,15,6,5,10,14,12,13,7
2018-01-23 00:04:13 INFO  DeDup:132 - 



2018-01-23 00:04:13 INFO  DeDup:133 - Removing deuplicate from the input array value using java 8 streams api starts 
2018-01-23 00:04:13 INFO  DeDup:140 - 
Removing deuplicate from the input array value using java 8 streams api  ends...
2018-01-23 00:04:13 INFO  DeDup:141 - 



2018-01-23 00:04:38 INFO  DeDup:156 - Removing deuplicate from the input array value using java 8 parallel streams without order starts 
2018-01-23 00:04:38 INFO  DeDup:163 - 
Removing deuplicate from the input array value using java 8 parallel streams without order ends...
2018-01-23 00:04:38 INFO  DeDup:164 - 



2018-01-23 00:04:38 INFO  DeDup:64 - Removing deuplicate from the input array value using linear search starts 
2018-01-23 00:04:38 INFO  DeDup:81 - Removing deuplicate from input array value using linear search ends...
2018-01-23 00:04:38 INFO  DeDup:189 -  Output## 1,2,34,25,45,3,26,85,4,86,43,10000,11,16,19,18,9,20,17,8,15,6,5,10,14,12,13,7
2018-01-23 00:04:38 INFO  DeDup:190 - 



2018-01-23 00:04:38 INFO  DeDup:93 - Removing deuplicate from the input array value using java8 starts 
2018-01-23 00:04:38 INFO  DeDup:96 - Removing deuplicate from the input array value using java8 ends...
2018-01-23 00:04:38 INFO  DeDup:189 -  Output## 1,2,34,25,45,3,26,85,4,86,43,10000,11,16,19,18,9,20,17,8,15,6,5,10,14,12,13,7
2018-01-23 00:04:38 INFO  DeDup:190 - 



2018-01-23 00:04:38 INFO  DeDup:110 - Removing deuplicate from the input array value using collection api starts 
2018-01-23 00:04:38 INFO  DeDup:115 - Removing deuplicate from the input array value using collection api ends...
2018-01-23 00:04:38 INFO  DeDup:116 - 



2018-01-23 00:04:38 INFO  DeDup:189 -  Output## 1,2,34,25,45,3,26,85,4,86,43,10000,11,16,19,18,9,20,17,8,15,6,5,10,14,12,13,7
2018-01-23 00:04:38 INFO  DeDup:190 - 



2018-01-23 00:04:38 INFO  DeDup:132 - 



2018-01-23 00:04:38 INFO  DeDup:133 - Removing deuplicate from the input array value using java 8 streams api starts 
2018-01-23 00:04:38 INFO  DeDup:140 - 
Removing deuplicate from the input array value using java 8 streams api  ends...
2018-01-23 00:04:38 INFO  DeDup:141 - 



2018-01-23 00:04:59 INFO  DeDup:156 - Removing deuplicate from the input array value using java 8 parallel streams without order starts 
2018-01-23 00:04:59 INFO  DeDup:163 - 
Removing deuplicate from the input array value using java 8 parallel streams without order ends...
2018-01-23 00:04:59 INFO  DeDup:164 - 



2018-01-23 00:04:59 INFO  DeDup:64 - Removing deuplicate from the input array value using linear search starts 
2018-01-23 00:04:59 INFO  DeDup:81 - Removing deuplicate from input array value using linear search ends...
2018-01-23 00:04:59 INFO  DeDup:189 -  Output## 1,2,34,25,45,3,26,85,4,86,43,10000,11,16,19,18,9,20,17,8,15,6,5,10,14,12,13,7
2018-01-23 00:04:59 INFO  DeDup:93 - Removing deuplicate from the input array value using java8 starts 
2018-01-23 00:04:59 INFO  DeDup:96 - Removing deuplicate from the input array value using java8 ends...
2018-01-23 00:04:59 INFO  DeDup:189 -  Output## 1,2,34,25,45,3,26,85,4,86,43,10000,11,16,19,18,9,20,17,8,15,6,5,10,14,12,13,7
2018-01-23 00:04:59 INFO  DeDup:110 - Removing deuplicate from the input array value using collection api starts 
2018-01-23 00:04:59 INFO  DeDup:115 - Removing deuplicate from the input array value using collection api ends...
2018-01-23 00:04:59 INFO  DeDup:116 - 



2018-01-23 00:04:59 INFO  DeDup:189 -  Output## 1,2,34,25,45,3,26,85,4,86,43,10000,11,16,19,18,9,20,17,8,15,6,5,10,14,12,13,7
2018-01-23 00:04:59 INFO  DeDup:132 - 



2018-01-23 00:04:59 INFO  DeDup:133 - Removing deuplicate from the input array value using java 8 streams api starts 
2018-01-23 00:04:59 INFO  DeDup:140 - 
Removing deuplicate from the input array value using java 8 streams api  ends...
2018-01-23 00:04:59 INFO  DeDup:141 - 



2018-01-23 00:05:49 INFO  DeDup:157 - Removing deuplicate from the input array value using java 8 parallel streams without order starts 
2018-01-23 00:05:49 INFO  DeDup:165 - 
Removing deuplicate from the input array value using java 8 parallel streams without order ends...
2018-01-23 00:05:49 INFO  DeDup:65 - Removing deuplicate from the input array value using linear search starts 
2018-01-23 00:05:49 INFO  DeDup:82 - Removing deuplicate from input array value using linear search ends...
2018-01-23 00:05:49 INFO  DeDup:193 -  Output## 1,2,34,25,45,3,26,85,4,86,43,10000,11,16,19,18,9,20,17,8,15,6,5,10,14,12,13,7
2018-01-23 00:05:49 INFO  DeDup:95 - Removing deuplicate from the input array value using java8 starts 
2018-01-23 00:05:49 INFO  DeDup:98 - Removing deuplicate from the input array value using java8 ends...
2018-01-23 00:05:49 INFO  DeDup:193 -  Output## 1,2,34,25,45,3,26,85,4,86,43,10000,11,16,19,18,9,20,17,8,15,6,5,10,14,12,13,7
2018-01-23 00:05:49 INFO  DeDup:112 - Removing deuplicate from the input array value using collection api starts 
2018-01-23 00:05:49 INFO  DeDup:117 - Removing deuplicate from the input array value using collection api ends...
2018-01-23 00:05:49 INFO  DeDup:193 -  Output## 1,2,34,25,45,3,26,85,4,86,43,10000,11,16,19,18,9,20,17,8,15,6,5,10,14,12,13,7
2018-01-23 00:05:49 INFO  DeDup:134 - Removing deuplicate from the input array value using java 8 streams api starts 
2018-01-23 00:05:49 INFO  DeDup:141 - 
Removing deuplicate from the input array value using java 8 streams api  ends...
2018-01-23 00:08:02 INFO  DeDup:77 - Removing deuplicate from the input array value using linear search starts 
2018-01-23 00:08:02 INFO  DeDup:94 - Removing deuplicate from input array value using linear search ends...
2018-01-23 00:08:02 INFO  DeDup:205 -  Output## 1,2,34,25,45,3,26,85,4,86,43,10000,11,16,19,18,9,20,17,8,15,6,5,10,14,12,13,7
2018-01-23 00:08:02 INFO  DeDup:107 - Removing deuplicate from the input array value using java8 starts 
2018-01-23 00:08:02 INFO  DeDup:110 - Removing deuplicate from the input array value using java8 ends...
2018-01-23 00:08:02 INFO  DeDup:205 -  Output## 1,2,34,25,45,3,26,85,4,86,43,10000,11,16,19,18,9,20,17,8,15,6,5,10,14,12,13,7
2018-01-23 00:11:41 INFO  DeDup:79 - Removing deuplicate from the input array value using linear search starts 
2018-01-23 00:11:41 INFO  DeDup:96 - Removing deuplicate from input array value using linear search ends...
2018-01-23 00:11:41 INFO  DeDup:207 -  Output## 1,2,34,25,45,3,26,85,4,86,43,10000,11,16,19,18,9,20,17,8,15,6,5,10,14,12,13,7
2018-01-23 00:11:41 INFO  DeDup:110 - Removing deuplicate from the input array value using collection api starts 
2018-01-23 00:11:41 INFO  DeDup:115 - Removing deuplicate from the input array value using collection api ends...
2018-01-23 00:11:41 INFO  DeDup:207 -  Output## 1,2,34,25,45,3,26,85,4,86,43,10000,11,16,19,18,9,20,17,8,15,6,5,10,14,12,13,7
2018-01-23 00:11:41 INFO  DeDup:132 - Removing deuplicate from the input array value using java 8 streams api starts 
2018-01-23 00:11:42 INFO  DeDup:139 - 
Removing deuplicate from the input array value using java 8 streams api  ends...
2018-01-23 00:14:10 INFO  DeDup:82 - Removing deuplicate from the input array value using linear search starts 
2018-01-23 00:14:10 INFO  DeDup:99 - Removing deuplicate from input array value using linear search ends...
2018-01-23 00:14:10 INFO  DeDup:210 -  Output## 1,2,34,25,45,3,26,85,4,86,43,10000,11,16,19,18,9,20,17,8,15,6,5,10,14,12,13,7
2018-01-23 00:14:10 INFO  DeDup:113 - Removing deuplicate from the input array value using collection api starts 
2018-01-23 00:14:10 INFO  DeDup:118 - Removing deuplicate from the input array value using collection api ends...
2018-01-23 00:14:10 INFO  DeDup:210 -  Output## 1,2,34,25,45,3,26,85,4,86,43,10000,11,16,19,18,9,20,17,8,15,6,5,10,14,12,13,7
2018-01-23 00:14:10 INFO  DeDup:135 - Removing deuplicate from the input array value using java 8 streams api starts 
2018-01-23 00:14:11 INFO  DeDup:142 - 
Removing deuplicate from the input array value using java 8 streams api  ends...
2018-01-23 00:14:11 INFO  DeDup:156 - Removing deuplicate from the input array value using java8 starts 
2018-01-23 00:14:11 INFO  DeDup:159 - Removing deuplicate from the input array value using java8 ends...
2018-01-23 00:14:11 INFO  DeDup:174 - Removing deuplicate from the input array value using java 8 parallel streams without order starts 
2018-01-23 00:14:11 INFO  DeDup:182 - 
Removing deuplicate from the input array value using java 8 parallel streams without order ends...
2018-01-23 00:18:57 INFO  DeDup:169 - Removing deuplicate from the input array value using java 8 parallel streams without order starts 
2018-01-23 00:18:58 INFO  DeDup:177 - 
Removing deuplicate from the input array value using java 8 parallel streams without order ends...
2018-01-23 00:18:58 INFO  DeDup:81 - Removing deuplicate from the input array value using linear search starts 
2018-01-23 00:18:58 INFO  DeDup:98 - Removing deuplicate from input array value using linear search ends...
2018-01-23 00:18:58 INFO  DeDup:206 -  Output## 1,2,34,25,45,3,26,85,4,86,43,10000,11,16,19,18,9,20,17,8,15,6,5,10,14,12,13,7
2018-01-23 00:18:58 INFO  DeDup:111 - Removing deuplicate from the input array value using collection api starts 
2018-01-23 00:18:58 INFO  DeDup:116 - Removing deuplicate from the input array value using collection api ends...
2018-01-23 00:18:58 INFO  DeDup:206 -  Output## 1,2,34,25,45,3,26,85,4,86,43,10000,11,16,19,18,9,20,17,8,15,6,5,10,14,12,13,7
2018-01-23 00:18:58 INFO  DeDup:132 - Removing deuplicate from the input array value using java 8 streams api starts 
2018-01-23 00:18:58 INFO  DeDup:139 - 
Removing deuplicate from the input array value using java 8 streams api  ends...
2018-01-23 00:18:58 INFO  DeDup:206 -  Output## 1,2,34,25,45,3,26,85,4,86,43,10000,11,16,19,18,9,20,17,8,15,6,5,10,14,12,13,7
2018-01-23 00:18:58 INFO  DeDup:152 - Removing deuplicate from the input array value using java8 starts 
2018-01-23 00:18:58 INFO  DeDup:155 - Removing deuplicate from the input array value using java8 ends...
2018-01-23 00:23:24 INFO  DeDup:169 - Removing deuplicate from the input array value using java 8 parallel streams without order starts 
2018-01-23 00:23:24 INFO  DeDup:177 - 
Removing deuplicate from the input array value using java 8 parallel streams without order ends...
2018-01-23 00:23:24 INFO  DeDup:81 - Removing deuplicate from the input array value using linear search starts 
2018-01-23 00:23:24 INFO  DeDup:98 - Removing deuplicate from input array value using linear search ends...
2018-01-23 00:23:24 INFO  DeDup:206 -  Output## 1,2,34,25,45,3,26,85,4,86,43,10000,11,16,19,18,9,20,17,8,15,6,5,10,14,12,13,7
2018-01-23 00:23:24 INFO  DeDup:111 - Removing deuplicate from the input array value using collection api starts 
2018-01-23 00:23:24 INFO  DeDup:116 - Removing deuplicate from the input array value using collection api ends...
2018-01-23 00:23:24 INFO  DeDup:206 -  Output## 1,2,34,25,45,3,26,85,4,86,43,10000,11,16,19,18,9,20,17,8,15,6,5,10,14,12,13,7
2018-01-23 00:23:24 INFO  DeDup:132 - Removing deuplicate from the input array value using java 8 streams api starts 
2018-01-23 00:23:24 INFO  DeDup:139 - 
Removing deuplicate from the input array value using java 8 streams api  ends...
2018-01-23 00:23:24 INFO  DeDup:206 -  Output## 1,2,34,25,45,3,26,85,4,86,43,10000,11,16,19,18,9,20,17,8,15,6,5,10,14,12,13,7
2018-01-23 00:23:24 INFO  DeDup:152 - Removing deuplicate from the input array value using java8 starts 
2018-01-23 00:23:24 INFO  DeDup:155 - Removing deuplicate from the input array value using java8 ends...
2018-01-23 00:45:45 INFO  DeDup:169 - Removing deuplicate from the input array value using java 8 parallel streams without order starts 
2018-01-23 00:45:45 INFO  DeDup:177 - 
Removing deuplicate from the input array value using java 8 parallel streams without order ends...
2018-01-23 00:45:45 INFO  DeDup:81 - Removing deuplicate from the input array value using linear search starts 
2018-01-23 00:45:45 INFO  DeDup:98 - Removing deuplicate from input array value using linear search ends...
2018-01-23 00:45:45 INFO  DeDup:206 -  Output## 1,2,34,25,45,3,26,85,4,86,43,10000,11,16,19,18,9,20,17,8,15,6,5,10,14,12,13,7

2018-01-23 00:45:45 INFO  DeDup:111 - Removing deuplicate from the input array value using collection api starts 
2018-01-23 00:45:45 INFO  DeDup:116 - Removing deuplicate from the input array value using collection api ends...
2018-01-23 00:45:45 INFO  DeDup:206 -  Output## 1,2,34,25,45,3,26,85,4,86,43,10000,11,16,19,18,9,20,17,8,15,6,5,10,14,12,13,7

2018-01-23 00:45:45 INFO  DeDup:132 - Removing deuplicate from the input array value using java 8 streams api starts 
2018-01-23 00:45:45 INFO  DeDup:139 - 
Removing deuplicate from the input array value using java 8 streams api  ends...
2018-01-23 00:45:45 INFO  DeDup:206 -  Output## 1,2,34,25,45,3,26,85,4,86,43,10000,11,16,19,18,9,20,17,8,15,6,5,10,14,12,13,7

2018-01-23 00:45:45 INFO  DeDup:152 - Removing deuplicate from the input array value using java8 starts 
2018-01-23 00:45:45 INFO  DeDup:155 - Removing deuplicate from the input array value using java8 ends...
2018-01-23 00:46:28 INFO  DeDup:81 - Removing deuplicate from the input array value using linear search starts 
2018-01-23 00:46:28 INFO  DeDup:98 - Removing deuplicate from input array value using linear search ends...
2018-01-23 00:46:28 INFO  DeDup:204 -  Output## 1,2,34,25,45,3,26,85,4,86,43,10000,11,16,19,18,9,20,17,8,15,6,5,10,14,12,13,7

2018-01-23 00:46:28 INFO  DeDup:111 - Removing deuplicate from the input array value using collection api starts 
2018-01-23 00:46:28 INFO  DeDup:116 - Removing deuplicate from the input array value using collection api ends...
2018-01-23 00:46:28 INFO  DeDup:204 -  Output## 1,2,34,25,45,3,26,85,4,86,43,10000,11,16,19,18,9,20,17,8,15,6,5,10,14,12,13,7

2018-01-23 00:46:28 INFO  DeDup:132 - Removing deuplicate from the input array value using java 8 streams api starts 
2018-01-23 00:46:28 INFO  DeDup:139 - 
Removing deuplicate from the input array value using java 8 streams api  ends...
2018-01-23 00:46:28 INFO  DeDup:152 - Removing deuplicate from the input array value using java8 starts 
2018-01-23 00:46:28 INFO  DeDup:155 - Removing deuplicate from the input array value using java8 ends...
2018-01-23 00:46:28 INFO  DeDup:169 - Removing deuplicate from the input array value using java 8 parallel streams without order starts 
2018-01-23 00:46:28 INFO  DeDup:177 - 
Removing deuplicate from the input array value using java 8 parallel streams without order ends...
